2024-10-14 22:17:35,851 - instabot version: 0.117.0 (bot) - INFO - Instabot version: 0.117.0 Started
2024-10-14 22:17:35,854 - instabot version: 0.117.0 (bot) - DEBUG - Bot imported from C:\Users\Ashish Kumar Singh\AppData\Roaming\Python\Python312\site-packages\instabot\bot\bot.py
2024-10-14 22:17:35,856 - instabot version: 0.117.0 (api_login) - INFO - Not yet logged in starting: PRE-LOGIN FLOW!
2024-10-14 22:17:37,011 - instabot version: 0.117.0 (api) - DEBUG - POST to endpoint: accounts/get_prefill_candidates/ returned response: <Response [200]>
2024-10-14 22:17:38,323 - instabot version: 0.117.0 (api) - DEBUG - POST to endpoint: qe/sync/ returned response: <Response [200]>
2024-10-14 22:17:39,453 - instabot version: 0.117.0 (api) - DEBUG - POST to endpoint: launcher/sync/ returned response: <Response [200]>
2024-10-14 22:17:40,577 - instabot version: 0.117.0 (api) - DEBUG - POST to endpoint: accounts/contact_point_prefill/ returned response: <Response [200]>
2024-10-14 22:17:50,612 - instabot version: 0.117.0 (api) - DEBUG - POST to endpoint: accounts/login/ returned response: <Response [400]>
2024-10-14 22:17:50,612 - instabot version: 0.117.0 (api) - DEBUG - Responsecode indicates error; response content: b'{"message":"You can log in with your linked Facebook account.","status":"fail","error_title":"Forgotten password for ashish7121singh","buttons":[{"title":"Use Facebook","action":"login_with_facebook"},{"title":"Try Again","action":"dismiss"}],"is_cp_nonce_flow":false,"login_identifer_type":"username","login_user_input":"ashish7121singh","qe_device_id":"faa0b3d0-53da-4060-a9c8-c3a649c941a6","login_attempt_count":1,"login_source":"unknown","error_code":1,"invalid_credentials":true,"exception_name":"UserInvalidCredentials","error_type":"bad_password"}'
2024-10-14 22:17:50,613 - instabot version: 0.117.0 (api) - ERROR - Request returns 400 error!
2024-10-14 22:17:50,616 - instabot version: 0.117.0 (api) - INFO - Instagram's error message: You can log in with your linked Facebook account.
2024-10-14 22:17:50,618 - instabot version: 0.117.0 (api) - INFO - Error type: bad_password
2024-10-14 22:17:50,619 - instabot version: 0.117.0 (api) - ERROR - Failed to login go to instagram and change your password
2024-10-14 22:17:50,622 - instabot version: 0.117.0 (api) - INFO - Username or password is incorrect.
2024-10-14 22:18:34,778 - instabot version: 0.117.0 (bot) - INFO - Instabot version: 0.117.0 Started
2024-10-14 22:18:34,784 - instabot version: 0.117.0 (bot) - DEBUG - Bot imported from C:\Users\Ashish Kumar Singh\AppData\Roaming\Python\Python312\site-packages\instabot\bot\bot.py
2024-10-14 22:18:34,786 - instabot version: 0.117.0 (api_login) - INFO - Not yet logged in starting: PRE-LOGIN FLOW!
2024-10-14 22:18:35,974 - instabot version: 0.117.0 (api) - DEBUG - POST to endpoint: accounts/get_prefill_candidates/ returned response: <Response [200]>
2024-10-14 22:18:37,204 - instabot version: 0.117.0 (api) - DEBUG - POST to endpoint: qe/sync/ returned response: <Response [200]>
2024-10-14 22:18:38,331 - instabot version: 0.117.0 (api) - DEBUG - POST to endpoint: launcher/sync/ returned response: <Response [200]>
2024-10-14 22:18:39,479 - instabot version: 0.117.0 (api) - DEBUG - POST to endpoint: accounts/contact_point_prefill/ returned response: <Response [200]>
2024-10-14 22:18:45,022 - instabot version: 0.117.0 (api) - DEBUG - POST to endpoint: accounts/login/ returned response: <Response [400]>
2024-10-14 22:18:45,023 - instabot version: 0.117.0 (api) - DEBUG - Responsecode indicates error; response content: b'{"message":"The password you entered is incorrect. Please try again.","status":"fail","error_title":"Incorrect password","buttons":[{"title":"OK","action":"dismiss"}],"invalid_credentials":true,"exception_name":"UserInvalidCredentials","is_cp_nonce_flow":false,"login_identifer_type":"username","login_user_input":"ashishsinghrajput959","qe_device_id":"fb01a912-aa26-45a5-a7ab-4fd0689dbbab","login_attempt_count":1,"login_source":"unknown","error_code":1,"error_type":"bad_password"}'
2024-10-14 22:18:45,023 - instabot version: 0.117.0 (api) - ERROR - Request returns 400 error!
2024-10-14 22:18:45,028 - instabot version: 0.117.0 (api) - INFO - Instagram's error message: The password you entered is incorrect. Please try again.
2024-10-14 22:18:45,031 - instabot version: 0.117.0 (api) - INFO - Error type: bad_password
2024-10-14 22:18:45,035 - instabot version: 0.117.0 (api) - ERROR - Failed to login go to instagram and change your password
2024-10-14 22:18:45,039 - instabot version: 0.117.0 (api) - INFO - Username or password is incorrect.
2024-10-14 22:39:52,981 - instabot version: 0.117.0 (bot) - INFO - Instabot version: 0.117.0 Started
2024-10-14 22:39:52,985 - instabot version: 0.117.0 (bot) - DEBUG - Bot imported from C:\Users\Ashish Kumar Singh\AppData\Roaming\Python\Python312\site-packages\instabot\bot\bot.py
2024-10-14 22:39:52,987 - instabot version: 0.117.0 (api_login) - INFO - Not yet logged in starting: PRE-LOGIN FLOW!
2024-10-14 22:39:54,146 - instabot version: 0.117.0 (api) - DEBUG - POST to endpoint: accounts/get_prefill_candidates/ returned response: <Response [200]>
2024-10-14 22:39:55,238 - instabot version: 0.117.0 (api) - DEBUG - POST to endpoint: qe/sync/ returned response: <Response [200]>
2024-10-14 22:39:56,344 - instabot version: 0.117.0 (api) - DEBUG - POST to endpoint: launcher/sync/ returned response: <Response [200]>
2024-10-14 22:39:57,452 - instabot version: 0.117.0 (api) - DEBUG - POST to endpoint: accounts/contact_point_prefill/ returned response: <Response [200]>
2024-10-14 22:40:00,920 - instabot version: 0.117.0 (bot) - INFO - Instabot version: 0.117.0 Started
2024-10-14 22:40:00,925 - instabot version: 0.117.0 (bot) - DEBUG - Bot imported from C:\Users\Ashish Kumar Singh\AppData\Roaming\Python\Python312\site-packages\instabot\bot\bot.py
2024-10-14 22:40:00,926 - instabot version: 0.117.0 (api_login) - INFO - Not yet logged in starting: PRE-LOGIN FLOW!
2024-10-14 22:40:02,050 - instabot version: 0.117.0 (api) - DEBUG - POST to endpoint: accounts/get_prefill_candidates/ returned response: <Response [200]>
2024-10-14 22:40:03,157 - instabot version: 0.117.0 (api) - DEBUG - POST to endpoint: qe/sync/ returned response: <Response [200]>
2024-10-14 22:40:04,302 - instabot version: 0.117.0 (api) - DEBUG - POST to endpoint: launcher/sync/ returned response: <Response [200]>
2024-10-14 22:40:05,470 - instabot version: 0.117.0 (api) - DEBUG - POST to endpoint: accounts/contact_point_prefill/ returned response: <Response [200]>
2024-10-14 22:40:07,885 - instabot version: 0.117.0 (api) - DEBUG - POST to endpoint: accounts/login/ returned response: <Response [400]>
2024-10-14 22:40:07,886 - instabot version: 0.117.0 (api) - DEBUG - Responsecode indicates error; response content: b'{"message":"The password you entered is incorrect. Please try again.","status":"fail","error_title":"Incorrect password","buttons":[{"title":"OK","action":"dismiss"}],"invalid_credentials":true,"exception_name":"UserInvalidCredentials","is_cp_nonce_flow":false,"login_identifer_type":"username","login_user_input":"ashishsinghrajput959","qe_device_id":"e9410c1b-a728-4be4-80f7-21bb7e52aa4f","login_attempt_count":1,"login_source":"unknown","error_code":1,"error_type":"bad_password"}'
2024-10-14 22:40:07,887 - instabot version: 0.117.0 (api) - ERROR - Request returns 400 error!
2024-10-14 22:40:07,893 - instabot version: 0.117.0 (api) - INFO - Instagram's error message: The password you entered is incorrect. Please try again.
2024-10-14 22:40:07,898 - instabot version: 0.117.0 (api) - INFO - Error type: bad_password
2024-10-14 22:40:07,904 - instabot version: 0.117.0 (api) - ERROR - Failed to login go to instagram and change your password
2024-10-14 22:40:07,911 - instabot version: 0.117.0 (api) - INFO - Username or password is incorrect.
